1501234561271	geckodriver	INFO	geckodriver 0.18.0
1501234561279	geckodriver	INFO	Listening on 127.0.0.1:63840
1501234563355	geckodriver::marionette	INFO	Starting browser X:\Program Files (x86)\Mozilla Firefox\firefox.exe with args ["-marionette"]
1501234563559	addons.manager	DEBUG	Application has been upgraded
1501234563586	addons.manager	DEBUG	Loaded provider scope for resource://gre/modules/addons/XPIProvider.jsm: ["XPIProvider"]
1501234563587	addons.manager	DEBUG	Loaded provider scope for resource://gre/modules/LightweightThemeManager.jsm: ["LightweightThemeManager"]
1501234563590	addons.manager	DEBUG	Loaded provider scope for resource://gre/modules/addons/GMPProvider.jsm
1501234563591	addons.manager	DEBUG	Loaded provider scope for resource://gre/modules/addons/PluginProvider.jsm
1501234563592	addons.manager	DEBUG	Starting provider: XPIProvider
1501234563592	addons.xpi	DEBUG	startup
1501234563592	addons.xpi	INFO	Removing all system add-on upgrades.
1501234563592	addons.xpi	INFO	SystemAddonInstallLocation directory is missing
1501234563593	addons.xpi	INFO	Mapping aushelper@mozilla.org to X:\Program Files (x86)\Mozilla Firefox\browser\features\aushelper@mozilla.org.xpi
1501234563594	addons.xpi	INFO	Mapping e10srollout@mozilla.org to X:\Program Files (x86)\Mozilla Firefox\browser\features\e10srollout@mozilla.org.xpi
1501234563594	addons.xpi	INFO	Mapping firefox@getpocket.com to X:\Program Files (x86)\Mozilla Firefox\browser\features\firefox@getpocket.com.xpi
1501234563594	addons.xpi	INFO	Mapping screenshots@mozilla.org to X:\Program Files (x86)\Mozilla Firefox\browser\features\screenshots@mozilla.org.xpi
1501234563594	addons.xpi	INFO	Mapping webcompat@mozilla.org to X:\Program Files (x86)\Mozilla Firefox\browser\features\webcompat@mozilla.org.xpi
1501234563595	addons.xpi	INFO	Mapping {972ce4c6-7e08-4474-a285-3208198ce6fd} to X:\Program Files (x86)\Mozilla Firefox\browser\extensions\{972ce4c6-7e08-4474-a285-3208198ce6fd}.xpi
1501234563596	addons.xpi	DEBUG	checkForChanges
1501234563597	addons.xpi	INFO	SystemAddonInstallLocation directory is missing
1501234563597	addons.xpi	DEBUG	Loaded add-on state from prefs: {}
1501234563598	addons.xpi	DEBUG	New add-on aushelper@mozilla.org in app-system-defaults
1501234563598	addons.xpi	DEBUG	getModTime: Recursive scan of aushelper@mozilla.org
1501234563599	addons.xpi	DEBUG	New add-on e10srollout@mozilla.org in app-system-defaults
1501234563599	addons.xpi	DEBUG	getModTime: Recursive scan of e10srollout@mozilla.org
1501234563599	addons.xpi	DEBUG	New add-on firefox@getpocket.com in app-system-defaults
1501234563600	addons.xpi	DEBUG	getModTime: Recursive scan of firefox@getpocket.com
1501234563600	addons.xpi	DEBUG	New add-on screenshots@mozilla.org in app-system-defaults
1501234563600	addons.xpi	DEBUG	getModTime: Recursive scan of screenshots@mozilla.org
1501234563600	addons.xpi	DEBUG	New add-on webcompat@mozilla.org in app-system-defaults
1501234563601	addons.xpi	DEBUG	getModTime: Recursive scan of webcompat@mozilla.org
1501234563601	addons.xpi	DEBUG	New add-on {972ce4c6-7e08-4474-a285-3208198ce6fd} in app-global
1501234563601	addons.xpi	DEBUG	getModTime: Recursive scan of {972ce4c6-7e08-4474-a285-3208198ce6fd}
1501234563601	addons.xpi	DEBUG	getInstallState changed: true, state: {"app-system-defaults":{"aushelper@mozilla.org":{"d":"X:\\Program Files (x86)\\Mozilla Firefox\\browser\\features\\aushelper@mozilla.org.xpi","st":1498673875227},"e10srollout@mozilla.org":{"d":"X:\\Program Files (x86)\\Mozilla Firefox\\browser\\features\\e10srollout@mozilla.org.xpi","st":1498673875229},"firefox@getpocket.com":{"d":"X:\\Program Files (x86)\\Mozilla Firefox\\browser\\features\\firefox@getpocket.com.xpi","st":1498673875279},"screenshots@mozilla.org":{"d":"X:\\Program Files (x86)\\Mozilla Firefox\\browser\\features\\screenshots@mozilla.org.xpi","st":1498673875340},"webcompat@mozilla.org":{"d":"X:\\Program Files (x86)\\Mozilla Firefox\\browser\\features\\webcompat@mozilla.org.xpi","st":1498673875343}},"app-global":{"{972ce4c6-7e08-4474-a285-3208198ce6fd}":{"d":"X:\\Program Files (x86)\\Mozilla Firefox\\browser\\extensions\\{972ce4c6-7e08-4474-a285-3208198ce6fd}.xpi","st":1498673875226}}}
1501234563609	addons.xpi-utils	DEBUG	Opening XPI database C:\Users\zjw\AppData\Local\Temp\rust_mozprofile.CqoJnWVhN4s1\extensions.json
1501234563612	addons.xpi-utils	DEBUG	New add-on aushelper@mozilla.org installed in app-system-defaults
*** Blocklist::_loadBlocklistFromFile: blocklist is disabled
1501234563621	DeferredSave.extensions.json	DEBUG	Save changes
1501234563621	addons.xpi-utils	DEBUG	New add-on e10srollout@mozilla.org installed in app-system-defaults
1501234563624	DeferredSave.extensions.json	DEBUG	Starting timer
1501234563625	DeferredSave.extensions.json	DEBUG	Save changes
1501234563625	addons.xpi-utils	DEBUG	New add-on firefox@getpocket.com installed in app-system-defaults
1501234563632	DeferredSave.extensions.json	DEBUG	Save changes
1501234563632	addons.xpi-utils	DEBUG	New add-on screenshots@mozilla.org installed in app-system-defaults
1501234563637	DeferredSave.extensions.json	DEBUG	Save changes
1501234563637	addons.xpi-utils	DEBUG	New add-on webcompat@mozilla.org installed in app-system-defaults
1501234563640	DeferredSave.extensions.json	DEBUG	Save changes
1501234563641	addons.xpi-utils	DEBUG	New add-on {972ce4c6-7e08-4474-a285-3208198ce6fd} installed in app-global
1501234563644	DeferredSave.extensions.json	DEBUG	Save changes
1501234563645	addons.manager	DEBUG	Registering startup change 'installed' for aushelper@mozilla.org
1501234563653	addons.xpi	DEBUG	Loading bootstrap scope from X:\Program Files (x86)\Mozilla Firefox\browser\features\aushelper@mozilla.org.xpi
1501234563657	addons.xpi	DEBUG	Calling bootstrap method install on aushelper@mozilla.org version 2.0
1501234563657	addons.xpi-utils	DEBUG	Make addon app-system-defaults:aushelper@mozilla.org visible
1501234563657	DeferredSave.extensions.json	DEBUG	Save changes
1501234563658	addons.manager	DEBUG	Registering startup change 'installed' for e10srollout@mozilla.org
1501234563658	addons.xpi	DEBUG	Loading bootstrap scope from X:\Program Files (x86)\Mozilla Firefox\browser\features\e10srollout@mozilla.org.xpi
1501234563661	addons.xpi	DEBUG	Calling bootstrap method install on e10srollout@mozilla.org version 1.50
1501234563662	addons.xpi-utils	DEBUG	Make addon app-system-defaults:e10srollout@mozilla.org visible
1501234563662	DeferredSave.extensions.json	DEBUG	Save changes
1501234563662	addons.manager	DEBUG	Registering startup change 'installed' for firefox@getpocket.com
1501234563663	addons.xpi	DEBUG	Loading bootstrap scope from X:\Program Files (x86)\Mozilla Firefox\browser\features\firefox@getpocket.com.xpi
1501234563666	addons.xpi	DEBUG	Calling bootstrap method install on firefox@getpocket.com version 1.0.5
1501234563666	addons.xpi-utils	DEBUG	Make addon app-system-defaults:firefox@getpocket.com visible
1501234563666	DeferredSave.extensions.json	DEBUG	Save changes
1501234563666	addons.manager	DEBUG	Registering startup change 'installed' for screenshots@mozilla.org
1501234563667	addons.xpi	DEBUG	Loading bootstrap scope from X:\Program Files (x86)\Mozilla Firefox\browser\features\screenshots@mozilla.org.xpi
1501234563668	addons.xpi	DEBUG	Calling bootstrap method install on screenshots@mozilla.org version 6.6.0
1501234563669	addons.xpi-utils	DEBUG	Make addon app-system-defaults:screenshots@mozilla.org visible
1501234563669	DeferredSave.extensions.json	DEBUG	Save changes
1501234563669	addons.manager	DEBUG	Registering startup change 'installed' for webcompat@mozilla.org
1501234563669	addons.xpi	DEBUG	Loading bootstrap scope from X:\Program Files (x86)\Mozilla Firefox\browser\features\webcompat@mozilla.org.xpi
1501234563671	addons.xpi	DEBUG	Calling bootstrap method install on webcompat@mozilla.org version 1.1
1501234563671	addons.xpi-utils	DEBUG	Make addon app-system-defaults:webcompat@mozilla.org visible
1501234563671	DeferredSave.extensions.json	DEBUG	Save changes
1501234563672	addons.xpi-utils	DEBUG	Make addon app-global:{972ce4c6-7e08-4474-a285-3208198ce6fd} visible
1501234563672	DeferredSave.extensions.json	DEBUG	Save changes
1501234563672	addons.xpi	DEBUG	Updating XPIState for {"id":"aushelper@mozilla.org","syncGUID":"{e031bf70-818d-4173-afff-23e2919428c8}","location":"app-system-defaults","version":"2.0","type":"extension","internalName":null,"updateURL":null,"updateKey":null,"optionsURL":null,"optionsType":null,"aboutURL":null,"icons":{},"iconURL":null,"icon64URL":null,"defaultLocale":{"name":"Application Update Service Helper","description":"Sets value(s) in the update url based on custom checks.","creator":null,"homepageURL":null},"visible":true,"active":true,"userDisabled":false,"appDisabled":false,"descriptor":"X:\\Program Files (x86)\\Mozilla Firefox\\browser\\features\\aushelper@mozilla.org.xpi","installDate":1498673875227,"updateDate":1498673875227,"applyBackgroundUpdates":1,"bootstrap":true,"skinnable":false,"size":8488,"sourceURI":null,"releaseNotesURI":null,"softDisabled":false,"foreignInstall":false,"hasBinaryComponents":false,"strictCompatibility":false,"locales":[],"targetApplications":[{"id":"{ec8030f7-c20a-464f-9b0e-13a3a9e97384}","minVersion":"54.0.1","maxVersion":"54.*"}],"targetPlatforms":[],"multiprocessCompatible":true,"seen":true,"dependencies":[],"hasEmbeddedWebExtension":false,"mpcOptedOut":false,"userPermissions":null}
1501234563672	addons.xpi	DEBUG	getModTime: Recursive scan of aushelper@mozilla.org
1501234563673	addons.xpi	DEBUG	Updating XPIState for {"id":"e10srollout@mozilla.org","syncGUID":"{4c0414b7-b270-46ce-a11c-087e6fee30f2}","location":"app-system-defaults","version":"1.50","type":"extension","internalName":null,"updateURL":null,"updateKey":null,"optionsURL":null,"optionsType":null,"aboutURL":null,"icons":{},"iconURL":null,"icon64URL":null,"defaultLocale":{"name":"Multi-process staged rollout","description":"Staged rollout of Firefox multi-process feature.","creator":null,"homepageURL":null},"visible":true,"active":true,"userDisabled":false,"appDisabled":false,"descriptor":"X:\\Program Files (x86)\\Mozilla Firefox\\browser\\features\\e10srollout@mozilla.org.xpi","installDate":1498673875229,"updateDate":1498673875229,"applyBackgroundUpdates":1,"bootstrap":true,"skinnable":false,"size":12519,"sourceURI":null,"releaseNotesURI":null,"softDisabled":false,"foreignInstall":false,"hasBinaryComponents":false,"strictCompatibility":false,"locales":[],"targetApplications":[{"id":"{ec8030f7-c20a-464f-9b0e-13a3a9e97384}","minVersion":"54.0.1","maxVersion":"54.*"}],"targetPlatforms":[],"multiprocessCompatible":true,"seen":true,"dependencies":[],"hasEmbeddedWebExtension":false,"mpcOptedOut":false,"userPermissions":null}
1501234563673	addons.xpi	DEBUG	getModTime: Recursive scan of e10srollout@mozilla.org
1501234563673	addons.xpi	DEBUG	Updating XPIState for {"id":"firefox@getpocket.com","syncGUID":"{e84a73df-c687-4c14-9c30-7193c9267cef}","location":"app-system-defaults","version":"1.0.5","type":"extension","internalName":null,"updateURL":null,"updateKey":null,"optionsURL":null,"optionsType":null,"aboutURL":null,"icons":{},"iconURL":null,"icon64URL":null,"defaultLocale":{"name":"Pocket","description":"When you find something you want to view later, put it in Pocket.","creator":null,"homepageURL":null},"visible":true,"active":true,"userDisabled":false,"appDisabled":false,"descriptor":"X:\\Program Files (x86)\\Mozilla Firefox\\browser\\features\\firefox@getpocket.com.xpi","installDate":1498673875279,"updateDate":1498673875279,"applyBackgroundUpdates":1,"bootstrap":true,"skinnable":false,"size":913952,"sourceURI":null,"releaseNotesURI":null,"softDisabled":false,"foreignInstall":false,"hasBinaryComponents":false,"strictCompatibility":false,"locales":[],"targetApplications":[{"id":"{ec8030f7-c20a-464f-9b0e-13a3a9e97384}","minVersion":"54.0.1","maxVersion":"54.*"}],"targetPlatforms":[],"multiprocessCompatible":true,"seen":true,"dependencies":[],"hasEmbeddedWebExtension":false,"mpcOptedOut":false,"userPermissions":null}
1501234563673	addons.xpi	DEBUG	getModTime: Recursive scan of firefox@getpocket.com
1501234563674	addons.xpi	DEBUG	Updating XPIState for {"id":"screenshots@mozilla.org","syncGUID":"{27dec516-d30b-417a-aead-1d8bf412d960}","location":"app-system-defaults","version":"6.6.0","type":"extension","internalName":null,"updateURL":null,"updateKey":null,"optionsURL":null,"optionsType":null,"aboutURL":null,"icons":{},"iconURL":null,"icon64URL":null,"defaultLocale":{"name":"Firefox Screenshots","description":null,"creator":null,"homepageURL":"https://pageshot.net/"},"visible":true,"active":true,"userDisabled":false,"appDisabled":false,"descriptor":"X:\\Program Files (x86)\\Mozilla Firefox\\browser\\features\\screenshots@mozilla.org.xpi","installDate":1498673875340,"updateDate":1498673875340,"applyBackgroundUpdates":1,"bootstrap":true,"skinnable":false,"size":716271,"sourceURI":null,"releaseNotesURI":null,"softDisabled":false,"foreignInstall":false,"hasBinaryComponents":false,"strictCompatibility":false,"locales":[],"targetApplications":[{"id":"{ec8030f7-c20a-464f-9b0e-13a3a9e97384}","minVersion":"51.0a1","maxVersion":"*"}],"targetPlatforms":[],"multiprocessCompatible":true,"seen":true,"dependencies":[],"hasEmbeddedWebExtension":false,"mpcOptedOut":false,"userPermissions":null}
1501234563674	addons.xpi	DEBUG	getModTime: Recursive scan of screenshots@mozilla.org
1501234563674	addons.xpi	DEBUG	Updating XPIState for {"id":"webcompat@mozilla.org","syncGUID":"{a74e1b7e-b4c0-4a5a-b272-b6daf9f35584}","location":"app-system-defaults","version":"1.1","type":"extension","internalName":null,"updateURL":null,"updateKey":null,"optionsURL":null,"optionsType":null,"aboutURL":null,"icons":{},"iconURL":null,"icon64URL":null,"defaultLocale":{"name":"Web Compat","description":"Urgent post-release fixes for web compatibility.","creator":null,"homepageURL":null},"visible":true,"active":true,"userDisabled":false,"appDisabled":false,"descriptor":"X:\\Program Files (x86)\\Mozilla Firefox\\browser\\features\\webcompat@mozilla.org.xpi","installDate":1498673875343,"updateDate":1498673875343,"applyBackgroundUpdates":1,"bootstrap":true,"skinnable":false,"size":9006,"sourceURI":null,"releaseNotesURI":null,"softDisabled":false,"foreignInstall":false,"hasBinaryComponents":false,"strictCompatibility":false,"locales":[],"targetApplications":[{"id":"{ec8030f7-c20a-464f-9b0e-13a3a9e97384}","minVersion":"54.0.1","maxVersion":"54.*"}],"targetPlatforms":[],"multiprocessCompatible":true,"seen":true,"dependencies":[],"hasEmbeddedWebExtension":false,"mpcOptedOut":false,"userPermissions":null}
1501234563675	addons.xpi	DEBUG	getModTime: Recursive scan of webcompat@mozilla.org
1501234563675	addons.xpi	DEBUG	Updating XPIState for {"id":"{972ce4c6-7e08-4474-a285-3208198ce6fd}","syncGUID":"{c0cd53c2-24da-4afc-b021-776dc1334471}","location":"app-global","version":"54.0.1","type":"theme","internalName":"classic/1.0","updateURL":null,"updateKey":null,"optionsURL":null,"optionsType":null,"aboutURL":null,"icons":{},"iconURL":"chrome://browser/content/default-theme-icon.svg","icon64URL":null,"defaultLocale":{"name":"Default","description":"The default theme.","creator":"Mozilla","homepageURL":null,"contributors":["Mozilla Contributors"]},"visible":true,"active":true,"userDisabled":false,"appDisabled":false,"descriptor":"X:\\Program Files (x86)\\Mozilla Firefox\\browser\\extensions\\{972ce4c6-7e08-4474-a285-3208198ce6fd}.xpi","installDate":1498673875226,"updateDate":1498673875226,"applyBackgroundUpdates":1,"skinnable":true,"size":8207,"sourceURI":null,"releaseNotesURI":null,"softDisabled":false,"foreignInstall":false,"hasBinaryComponents":false,"strictCompatibility":true,"locales":[],"targetApplications":[{"id":"{ec8030f7-c20a-464f-9b0e-13a3a9e97384}","minVersion":"54.0.1","maxVersion":"54.0.1"}],"targetPlatforms":[],"seen":true,"dependencies":[],"hasEmbeddedWebExtension":false,"userPermissions":null}
1501234563675	addons.xpi	DEBUG	getModTime: Recursive scan of {972ce4c6-7e08-4474-a285-3208198ce6fd}
1501234563676	DeferredSave.extensions.json	DEBUG	Save changes
1501234563676	addons.xpi	DEBUG	Updating database with changes to installed add-ons
1501234563676	addons.xpi-utils	DEBUG	Updating add-on states
1501234563678	addons.xpi-utils	DEBUG	Writing add-ons list
1501234563681	addons.xpi	DEBUG	Registering manifest for X:\Program Files (x86)\Mozilla Firefox\browser\features\aushelper@mozilla.org.xpi
1501234563682	addons.xpi	DEBUG	Calling bootstrap method startup on aushelper@mozilla.org version 2.0
1501234563683	addons.xpi	DEBUG	Registering manifest for X:\Program Files (x86)\Mozilla Firefox\browser\features\e10srollout@mozilla.org.xpi
1501234563683	addons.xpi	DEBUG	Calling bootstrap method startup on e10srollout@mozilla.org version 1.50
1501234563684	addons.xpi	DEBUG	Registering manifest for X:\Program Files (x86)\Mozilla Firefox\browser\features\firefox@getpocket.com.xpi
1501234563684	addons.xpi	DEBUG	Calling bootstrap method startup on firefox@getpocket.com version 1.0.5
1501234563685	addons.xpi	DEBUG	Registering manifest for X:\Program Files (x86)\Mozilla Firefox\browser\features\screenshots@mozilla.org.xpi
1501234563685	addons.xpi	DEBUG	Calling bootstrap method startup on screenshots@mozilla.org version 6.6.0
1501234563685	addons.xpi	DEBUG	Registering manifest for X:\Program Files (x86)\Mozilla Firefox\browser\features\webcompat@mozilla.org.xpi
1501234563686	addons.xpi	DEBUG	Calling bootstrap method startup on webcompat@mozilla.org version 1.1
1501234563690	addons.manager	DEBUG	Registering shutdown blocker for XPIProvider
1501234563691	addons.manager	DEBUG	Provider finished startup: XPIProvider
1501234563692	addons.manager	DEBUG	Starting provider: LightweightThemeManager
1501234563692	addons.manager	DEBUG	Registering shutdown blocker for LightweightThemeManager
1501234563693	addons.manager	DEBUG	Provider finished startup: LightweightThemeManager
1501234563693	addons.manager	DEBUG	Starting provider: GMPProvider
1501234563699	addons.manager	DEBUG	Registering shutdown blocker for GMPProvider
1501234563699	addons.manager	DEBUG	Provider finished startup: GMPProvider
1501234563699	addons.manager	DEBUG	Starting provider: PluginProvider
1501234563699	addons.manager	DEBUG	Registering shutdown blocker for PluginProvider
1501234563699	addons.manager	DEBUG	Provider finished startup: PluginProvider
1501234563700	addons.manager	DEBUG	Completed startup sequence
1501234564013	addons.manager	DEBUG	Starting provider: <unnamed-provider>
1501234564013	addons.manager	DEBUG	Registering shutdown blocker for <unnamed-provider>
1501234564014	addons.manager	DEBUG	Provider finished startup: <unnamed-provider>
1501234564036	addons.manager	DEBUG	Starting provider: PreviousExperimentProvider
1501234564036	addons.manager	DEBUG	Registering shutdown blocker for PreviousExperimentProvider
1501234564036	addons.manager	DEBUG	Provider finished startup: PreviousExperimentProvider
1501234564038	DeferredSave.extensions.json	DEBUG	Starting write
1501234564277	DeferredSave.extensions.json	DEBUG	Write succeeded
1501234564278	addons.xpi-utils	DEBUG	XPI Database saved, setting schema version preference to 19
1501234565125	Marionette	INFO	Listening on port 63847
[GPU 51136] WARNING: pipe error: 109: file c:/builds/moz2_slave/m-rel-w64-00000000000000000000/build/src/ipc/chromium/src/chrome/common/ipc_channel_win.cc, line 346
1501234565390	Marionette	WARN	TLS certificate errors will be ignored for this session
1501234565433	Marionette	DEBUG	loaded listener.js
1501234565467	Marionette	DEBUG	Received DOM event "beforeunload" for "about:blank"
1501234624855	addons.productaddons	INFO	sending request to: https://aus5.mozilla.org/update/3/GMP/54.0.1/20170628075643/WINNT_x86_64-msvc-x64/zh-CN/release-cck-mozillaonline/Windows_NT%2010.0.0.0%20(x64)/MozillaOnline/2017.7/update.xml
1501234644856	addons.productaddons	WARN	Failed downloading XML, status: 0, reason: timeout
1501234644856	addons.productaddons	INFO	fetching config from: chrome://global/content/gmp-sources/openh264.json
1501234644857	addons.productaddons	INFO	fetching config from: chrome://global/content/gmp-sources/widevinecdm.json
1501234644858	addons.productaddons	INFO	found plugin: gmp-gmpopenh264
1501234644858	addons.productaddons	INFO	found plugin: gmp-widevinecdm
1501234719136	addons.productaddons	WARN	Failed downloading via XHR, status: 0, reason: error
1501234719147	Marionette	DEBUG	Received DOM event "beforeunload" for "about:blank"
1501234719150	Marionette	DEBUG	Received DOM event "pagehide" for "about:blank"
1501234719150	Marionette	DEBUG	Received DOM event "unload" for "about:blank"
1501234719182	Marionette	DEBUG	Received DOM event "DOMContentLoaded" for "about:neterror?e=nssFailure2&u=https%3A//bridges.torproject.org/bridges%3Ftransport%3Dobfs4&c=UTF-8&f=regular&d=%E8%BD%BD%E5%85%A5%E9%A1%B5%E9%9D%A2%E6%97%B6%E4%B8%8E%20bridges.torproject.org%20%E7%9A%84%E8%BF%9E%E6%8E%A5%E8%A2%AB%E4%B8%AD%E6%96%AD%E3%80%82"
1501234719206	Marionette	DEBUG	Received DOM event "beforeunload" for "about:neterror?e=nssFailure2&u=https%3A//bridges.torproject.org/bridges%3Ftransport%3Dobfs4&c=UTF-8&f=regular&d=%E8%BD%BD%E5%85%A5%E9%A1%B5%E9%9D%A2%E6%97%B6%E4%B8%8E%20bridges.torproject.org%20%E7%9A%84%E8%BF%9E%E6%8E%A5%E8%A2%AB%E4%B8%AD%E6%96%AD%E3%80%82"
1501234809266	addons.productaddons	WARN	Failed downloading via XHR, status: 0, reason: error
1501234809277	Marionette	DEBUG	Received DOM event "beforeunload" for "about:neterror?e=nssFailure2&u=https%3A//bridges.torproject.org/bridges%3Ftransport%3Dobfs4&c=UTF-8&f=regular&d=%E8%BD%BD%E5%85%A5%E9%A1%B5%E9%9D%A2%E6%97%B6%E4%B8%8E%20bridges.torproject.org%20%E7%9A%84%E8%BF%9E%E6%8E%A5%E8%A2%AB%E4%B8%AD%E6%96%AD%E3%80%82"
1501234809279	Marionette	DEBUG	Received DOM event "pagehide" for "about:neterror?e=nssFailure2&u=https%3A//bridges.torproject.org/bridges%3Ftransport%3Dobfs4&c=UTF-8&f=regular&d=%E8%BD%BD%E5%85%A5%E9%A1%B5%E9%9D%A2%E6%97%B6%E4%B8%8E%20bridges.torproject.org%20%E7%9A%84%E8%BF%9E%E6%8E%A5%E8%A2%AB%E4%B8%AD%E6%96%AD%E3%80%82"
1501234809279	Marionette	DEBUG	Received DOM event "unload" for "about:neterror?e=nssFailure2&u=https%3A//bridges.torproject.org/bridges%3Ftransport%3Dobfs4&c=UTF-8&f=regular&d=%E8%BD%BD%E5%85%A5%E9%A1%B5%E9%9D%A2%E6%97%B6%E4%B8%8E%20bridges.torproject.org%20%E7%9A%84%E8%BF%9E%E6%8E%A5%E8%A2%AB%E4%B8%AD%E6%96%AD%E3%80%82"
1501234809296	Marionette	DEBUG	Received DOM event "DOMContentLoaded" for "about:neterror?e=netTimeout&u=https%3A//bridges.torproject.org/bridges%3Ftransport%3Dobfs4&c=UTF-8&f=regular&d=bridges.torproject.org%20%E7%9A%84%E6%9C%8D%E5%8A%A1%E5%99%A8%E5%93%8D%E5%BA%94%E6%97%B6%E9%97%B4%E8%BF%87%E9%95%BF%E3%80%82"
1501234809306	Marionette	DEBUG	Received DOM event "beforeunload" for "about:neterror?e=netTimeout&u=https%3A//bridges.torproject.org/bridges%3Ftransport%3Dobfs4&c=UTF-8&f=regular&d=bridges.torproject.org%20%E7%9A%84%E6%9C%8D%E5%8A%A1%E5%99%A8%E5%93%8D%E5%BA%94%E6%97%B6%E9%97%B4%E8%BF%87%E9%95%BF%E3%80%82"
1501234899357	Marionette	DEBUG	Received DOM event "beforeunload" for "about:neterror?e=netTimeout&u=https%3A//bridges.torproject.org/bridges%3Ftransport%3Dobfs4&c=UTF-8&f=regular&d=bridges.torproject.org%20%E7%9A%84%E6%9C%8D%E5%8A%A1%E5%99%A8%E5%93%8D%E5%BA%94%E6%97%B6%E9%97%B4%E8%BF%87%E9%95%BF%E3%80%82"
1501234899359	Marionette	DEBUG	Received DOM event "pagehide" for "about:neterror?e=netTimeout&u=https%3A//bridges.torproject.org/bridges%3Ftransport%3Dobfs4&c=UTF-8&f=regular&d=bridges.torproject.org%20%E7%9A%84%E6%9C%8D%E5%8A%A1%E5%99%A8%E5%93%8D%E5%BA%94%E6%97%B6%E9%97%B4%E8%BF%87%E9%95%BF%E3%80%82"
1501234899359	Marionette	DEBUG	Received DOM event "unload" for "about:neterror?e=netTimeout&u=https%3A//bridges.torproject.org/bridges%3Ftransport%3Dobfs4&c=UTF-8&f=regular&d=bridges.torproject.org%20%E7%9A%84%E6%9C%8D%E5%8A%A1%E5%99%A8%E5%93%8D%E5%BA%94%E6%97%B6%E9%97%B4%E8%BF%87%E9%95%BF%E3%80%82"
1501234899379	Marionette	DEBUG	Received DOM event "DOMContentLoaded" for "about:neterror?e=netTimeout&u=https%3A//bridges.torproject.org/bridges%3Ftransport%3Dobfs4&c=UTF-8&f=regular&d=bridges.torproject.org%20%E7%9A%84%E6%9C%8D%E5%8A%A1%E5%99%A8%E5%93%8D%E5%BA%94%E6%97%B6%E9%97%B4%E8%BF%87%E9%95%BF%E3%80%82"
1501234899390	Marionette	DEBUG	Received DOM event "beforeunload" for "about:neterror?e=netTimeout&u=https%3A//bridges.torproject.org/bridges%3Ftransport%3Dobfs4&c=UTF-8&f=regular&d=bridges.torproject.org%20%E7%9A%84%E6%9C%8D%E5%8A%A1%E5%99%A8%E5%93%8D%E5%BA%94%E6%97%B6%E9%97%B4%E8%BF%87%E9%95%BF%E3%80%82"
1501234931581	Marionette	DEBUG	Received DOM event "pagehide" for "about:neterror?e=netTimeout&u=https%3A//bridges.torproject.org/bridges%3Ftransport%3Dobfs4&c=UTF-8&f=regular&d=bridges.torproject.org%20%E7%9A%84%E6%9C%8D%E5%8A%A1%E5%99%A8%E5%93%8D%E5%BA%94%E6%97%B6%E9%97%B4%E8%BF%87%E9%95%BF%E3%80%82"
1501234931581	Marionette	DEBUG	Received DOM event "unload" for "about:neterror?e=netTimeout&u=https%3A//bridges.torproject.org/bridges%3Ftransport%3Dobfs4&c=UTF-8&f=regular&d=bridges.torproject.org%20%E7%9A%84%E6%9C%8D%E5%8A%A1%E5%99%A8%E5%93%8D%E5%BA%94%E6%97%B6%E9%97%B4%E8%BF%87%E9%95%BF%E3%80%82"
1501234940011	Marionette	DEBUG	Received DOM event "DOMContentLoaded" for "https://bridges.torproject.org/bridges?transport=obfs4"
1501234948792	Marionette	DEBUG	Received DOM event "pageshow" for "https://bridges.torproject.org/bridges?transport=obfs4"
1501235073883	addons.manager	INFO	Skipping background update check
1501235313894	DeferredSave.extensions.json	DEBUG	Save changes
1501235313894	DeferredSave.extensions.json	DEBUG	Starting timer
1501235313916	DeferredSave.extensions.json	DEBUG	Starting write
1501235313920	DeferredSave.extensions.json	DEBUG	Write succeeded
1501236144705	addons.xpi	DEBUG	Calling bootstrap method shutdown on webcompat@mozilla.org version 1.1
1501236144705	addons.xpi	DEBUG	Calling bootstrap method shutdown on screenshots@mozilla.org version 6.6.0
1501236144705	addons.xpi	DEBUG	Calling bootstrap method shutdown on firefox@getpocket.com version 1.0.5
1501236144706	addons.xpi	DEBUG	Calling bootstrap method shutdown on e10srollout@mozilla.org version 1.50
1501236144707	addons.xpi	DEBUG	Calling bootstrap method shutdown on aushelper@mozilla.org version 2.0
[GPU 51136] WARNING: pipe error: 109: file c:/builds/moz2_slave/m-rel-w64-00000000000000000000/build/src/ipc/chromium/src/chrome/common/ipc_channel_win.cc, line 346
[GPU 51136] WARNING: pipe error: 109: file c:/builds/moz2_slave/m-rel-w64-00000000000000000000/build/src/ipc/chromium/src/chrome/common/ipc_channel_win.cc, line 346
[Child 54236] WARNING: pipe error: 109: file c:/builds/moz2_slave/m-rel-w64-00000000000000000000/build/src/ipc/chromium/src/chrome/common/ipc_channel_win.cc, line 346
[Child 54236] WARNING: pipe error: 109: file c:/builds/moz2_slave/m-rel-w64-00000000000000000000/build/src/ipc/chromium/src/chrome/common/ipc_channel_win.cc, line 346
1501236144815	addons.manager	DEBUG	shutdown
1501236144816	addons.manager	DEBUG	Calling shutdown blocker for XPIProvider
1501236144816	addons.xpi	DEBUG	shutdown
1501236144816	addons.xpi-utils	DEBUG	shutdown
1501236144816	addons.manager	DEBUG	Calling shutdown blocker for LightweightThemeManager
1501236144817	addons.manager	DEBUG	Calling shutdown blocker for GMPProvider
1501236144818	addons.manager	DEBUG	Calling shutdown blocker for PluginProvider
1501236144818	addons.manager	DEBUG	Calling shutdown blocker for <unnamed-provider>
1501236144819	addons.manager	DEBUG	Calling shutdown blocker for PreviousExperimentProvider
1501236144821	addons.xpi	DEBUG	Notifying XPI shutdown observers
1501236144824	addons.manager	DEBUG	Async provider shutdown done
1501236144882	Marionette	INFO	Ceased listening

###!!! [Child][MessageChannel::SendAndWait] Error: Channel error: cannot send/recv

"
1501231441629	Marionette	DEBUG	Received DOM event "DOMContentLoaded" for "about:neterror?e=proxyConnectFailure&u=https%3A//bridges.torproject.org/bridges%3Ftransport%3Dobfs4&c=UTF-8&f=regular&d=Firefox%20%E5%B0%9D%E8%AF%95%E4%B8%8E%E6%82%A8%E6%8C%87%E5%AE%9A%E7%9A%84%E4%BB%A3%E7%90%86%E6%9C%8D%E5%8A%A1%E5%99%A8%E8%BF%9E%E6%8E%A5%E6%97%B6%E8%A2%AB%E6%8B%92%E7%BB%9D%E3%80%82"
1501231441636	Marionette	DEBUG	Received DOM event "beforeunload" for "about:neterror?e=proxyConnectFailure&u=https%3A//bridges.torproject.org/bridges%3Ftransport%3Dobfs4&c=UTF-8&f=regular&d=Firefox%20%E5%B0%9D%E8%AF%95%E4%B8%8E%E6%82%A8%E6%8C%87%E5%AE%9A%E7%9A%84%E4%BB%A3%E7%90%86%E6%9C%8D%E5%8A%A1%E5%99%A8%E8%BF%9E%E6%8E%A5%E6%97%B6%E8%A2%AB%E6%8B%92%E7%BB%9D%E3%80%82"
1501231442643	Marionette	DEBUG	Received DOM event "beforeunload" for "about:neterror?e=proxyConnectFailure&u=https%3A//bridges.torproject.org/bridges%3Ftransport%3Dobfs4&c=UTF-8&f=regular&d=Firefox%20%E5%B0%9D%E8%AF%95%E4%B8%8E%E6%82%A8%E6%8C%87%E5%AE%9A%E7%9A%84%E4%BB%A3%E7%90%86%E6%9C%8D%E5%8A%A1%E5%99%A8%E8%BF%9E%E6%8E%A5%E6%97%B6%E8%A2%AB%E6%8B%92%E7%BB%9D%E3%80%82"
1501231442643	Marionette	DEBUG	Received DOM event "pagehide" for "about:neterror?e=proxyConnectFailure&u=https%3A//bridges.torproject.org/bridges%3Ftransport%3Dobfs4&c=UTF-8&f=regular&d=Firefox%20%E5%B0%9D%E8%AF%95%E4%B8%8E%E6%82%A8%E6%8C%87%E5%AE%9A%E7%9A%84%E4%BB%A3%E7%90%86%E6%9C%8D%E5%8A%A1%E5%99%A8%E8%BF%9E%E6%8E%A5%E6%97%B6%E8%A2%AB%E6%8B%92%E7%BB%9D%E3%80%82"
1501231442644	Marionette	DEBUG	Received DOM event "unload" for "about:neterror?e=proxyConnectFailure&u=https%3A//bridges.torproject.org/bridges%3Ftransport%3Dobfs4&c=UTF-8&f=regular&d=Firefox%20%E5%B0%9D%E8%AF%95%E4%B8%8E%E6%82%A8%E6%8C%87%E5%AE%9A%E7%9A%84%E4%BB%A3%E7%90%86%E6%9C%8D%E5%8A%A1%E5%99%A8%E8%BF%9E%E6%8E%A5%E6%97%B6%E8%A2%AB%E6%8B%92%E7%BB%9D%E3%80%82"
1501231442661	Marionette	DEBUG	Received DOM event "DOMContentLoaded" for "about:neterror?e=proxyConnectFailure&u=https%3A//bridges.torproject.org/bridges%3Ftransport%3Dobfs4&c=UTF-8&f=regular&d=Firefox%20%E5%B0%9D%E8%AF%95%E4%B8%8E%E6%82%A8%E6%8C%87%E5%AE%9A%E7%9A%84%E4%BB%A3%E7%90%86%E6%9C%8D%E5%8A%A1%E5%99%A8%E8%BF%9E%E6%8E%A5%E6%97%B6%E8%A2%AB%E6%8B%92%E7%BB%9D%E3%80%82"
1501231442669	Marionette	DEBUG	Received DOM event "beforeunload" for "about:neterror?e=proxyConnectFailure&u=https%3A//bridges.torproject.org/bridges%3Ftransport%3Dobfs4&c=UTF-8&f=regular&d=Firefox%20%E5%B0%9D%E8%AF%95%E4%B8%8E%E6%82%A8%E6%8C%87%E5%AE%9A%E7%9A%84%E4%BB%A3%E7%90%86%E6%9C%8D%E5%8A%A1%E5%99%A8%E8%BF%9E%E6%8E%A5%E6%97%B6%E8%A2%AB%E6%8B%92%E7%BB%9D%E3%80%82"
1501231443678	Marionette	DEBUG	Received DOM event "beforeunload" for "about:neterror?e=proxyConnectFailure&u=https%3A//bridges.torproject.org/bridges%3Ftransport%3Dobfs4&c=UTF-8&f=regular&d=Firefox%20%E5%B0%9D%E8%AF%95%E4%B8%8E%E6%82%A8%E6%8C%87%E5%AE%9A%E7%9A%84%E4%BB%A3%E7%90%86%E6%9C%8D%E5%8A%A1%E5%99%A8%E8%BF%9E%E6%8E%A5%E6%97%B6%E8%A2%AB%E6%8B%92%E7%BB%9D%E3%80%82"
1501231443679	Marionette	DEBUG	Received DOM event "pagehide" for "about:neterror?e=proxyConnectFailure&u=https%3A//bridges.torproject.org/bridges%3Ftransport%3Dobfs4&c=UTF-8&f=regular&d=Firefox%20%E5%B0%9D%E8%AF%95%E4%B8%8E%E6%82%A8%E6%8C%87%E5%AE%9A%E7%9A%84%E4%BB%A3%E7%90%86%E6%9C%8D%E5%8A%A1%E5%99%A8%E8%BF%9E%E6%8E%A5%E6%97%B6%E8%A2%AB%E6%8B%92%E7%BB%9D%E3%80%82"
1501231443679	Marionette	DEBUG	Received DOM event "unload" for "about:neterror?e=proxyConnectFailure&u=https%3A//bridges.torproject.org/bridges%3Ftransport%3Dobfs4&c=UTF-8&f=regular&d=Firefox%20%E5%B0%9D%E8%AF%95%E4%B8%8E%E6%82%A8%E6%8C%87%E5%AE%9A%E7%9A%84%E4%BB%A3%E7%90%86%E6%9C%8D%E5%8A%A1%E5%99%A8%E8%BF%9E%E6%8E%A5%E6%97%B6%E8%A2%AB%E6%8B%92%E7%BB%9D%E3%80%82"
1501231443697	Marionette	DEBUG	Received DOM event "DOMContentLoaded" for "about:neterror?e=proxyConnectFailure&u=https%3A//bridges.torproject.org/bridges%3Ftransport%3Dobfs4&c=UTF-8&f=regular&d=Firefox%20%E5%B0%9D%E8%AF%95%E4%B8%8E%E6%82%A8%E6%8C%87%E5%AE%9A%E7%9A%84%E4%BB%A3%E7%90%86%E6%9C%8D%E5%8A%A1%E5%99%A8%E8%BF%9E%E6%8E%A5%E6%97%B6%E8%A2%AB%E6%8B%92%E7%BB%9D%E3%80%82"
1501231443705	Marionette	DEBUG	Received DOM event "beforeunload" for "about:neterror?e=proxyConnectFailure&u=https%3A//bridges.torproject.org/bridges%3Ftransport%3Dobfs4&c=UTF-8&f=regular&d=Firefox%20%E5%B0%9D%E8%AF%95%E4%B8%8E%E6%82%A8%E6%8C%87%E5%AE%9A%E7%9A%84%E4%BB%A3%E7%90%86%E6%9C%8D%E5%8A%A1%E5%99%A8%E8%BF%9E%E6%8E%A5%E6%97%B6%E8%A2%AB%E6%8B%92%E7%BB%9D%E3%80%82"
1501231444718	Marionette	DEBUG	Received DOM event "beforeunload" for "about:neterror?e=proxyConnectFailure&u=https%3A//bridges.torproject.org/bridges%3Ftransport%3Dobfs4&c=UTF-8&f=regular&d=Firefox%20%E5%B0%9D%E8%AF%95%E4%B8%8E%E6%82%A8%E6%8C%87%E5%AE%9A%E7%9A%84%E4%BB%A3%E7%90%86%E6%9C%8D%E5%8A%A1%E5%99%A8%E8%BF%9E%E6%8E%A5%E6%97%B6%E8%A2%AB%E6%8B%92%E7%BB%9D%E3%80%82"
1501231444719	Marionette	DEBUG	Received DOM event "pagehide" for "about:neterror?e=proxyConnectFailure&u=https%3A//bridges.torproject.org/bridges%3Ftransport%3Dobfs4&c=UTF-8&f=regular&d=Firefox%20%E5%B0%9D%E8%AF%95%E4%B8%8E%E6%82%A8%E6%8C%87%E5%AE%9A%E7%9A%84%E4%BB%A3%E7%90%86%E6%9C%8D%E5%8A%A1%E5%99%A8%E8%BF%9E%E6%8E%A5%E6%97%B6%E8%A2%AB%E6%8B%92%E7%BB%9D%E3%80%82"
1501231444719	Marionette	DEBUG	Received DOM event "unload" for "about:neterror?e=proxyConnectFailure&u=https%3A//bridges.torproject.org/bridges%3Ftransport%3Dobfs4&c=UTF-8&f=regular&d=Firefox%20%E5%B0%9D%E8%AF%95%E4%B8%8E%E6%82%A8%E6%8C%87%E5%AE%9A%E7%9A%84%E4%BB%A3%E7%90%86%E6%9C%8D%E5%8A%A1%E5%99%A8%E8%BF%9E%E6%8E%A5%E6%97%B6%E8%A2%AB%E6%8B%92%E7%BB%9D%E3%80%82"
1501231444733	Marionette	DEBUG	Received DOM event "DOMContentLoaded" for "about:neterror?e=proxyConnectFailure&u=https%3A//bridges.torproject.org/bridges%3Ftransport%3Dobfs4&c=UTF-8&f=regular&d=Firefox%20%E5%B0%9D%E8%AF%95%E4%B8%8E%E6%82%A8%E6%8C%87%E5%AE%9A%E7%9A%84%E4%BB%A3%E7%90%86%E6%9C%8D%E5%8A%A1%E5%99%A8%E8%BF%9E%E6%8E%A5%E6%97%B6%E8%A2%AB%E6%8B%92%E7%BB%9D%E3%80%82"
1501231444745	Marionette	DEBUG	Received DOM event "beforeunload" for "about:neterror?e=proxyConnectFailure&u=https%3A//bridges.torproject.org/bridges%3Ftransport%3Dobfs4&c=UTF-8&f=regular&d=Firefox%20%E5%B0%9D%E8%AF%95%E4%B8%8E%E6%82%A8%E6%8C%87%E5%AE%9A%E7%9A%84%E4%BB%A3%E7%90%86%E6%9C%8D%E5%8A%A1%E5%99%A8%E8%BF%9E%E6%8E%A5%E6%97%B6%E8%A2%AB%E6%8B%92%E7%BB%9D%E3%80%82"
1501231445761	Marionette	DEBUG	Received DOM event "beforeunload" for "about:neterror?e=proxyConnectFailure&u=https%3A//bridges.torproject.org/bridges%3Ftransport%3Dobfs4&c=UTF-8&f=regular&d=Firefox%20%E5%B0%9D%E8%AF%95%E4%B8%8E%E6%82%A8%E6%8C%87%E5%AE%9A%E7%9A%84%E4%BB%A3%E7%90%86%E6%9C%8D%E5%8A%A1%E5%99%A8%E8%BF%9E%E6%8E%A5%E6%97%B6%E8%A2%AB%E6%8B%92%E7%BB%9D%E3%80%82"
1501231445762	Marionette	DEBUG	Received DOM event "pagehide" for "about:neterror?e=proxyConnectFailure&u=https%3A//bridges.torproject.org/bridges%3Ftransport%3Dobfs4&c=UTF-8&f=regular&d=Firefox%20%E5%B0%9D%E8%AF%95%E4%B8%8E%E6%82%A8%E6%8C%87%E5%AE%9A%E7%9A%84%E4%BB%A3%E7%90%86%E6%9C%8D%E5%8A%A1%E5%99%A8%E8%BF%9E%E6%8E%A5%E6%97%B6%E8%A2%AB%E6%8B%92%E7%BB%9D%E3%80%82"
1501231445762	Marionette	DEBUG	Received DOM event "unload" for "about:neterror?e=proxyConnectFailure&u=https%3A//bridges.torproject.org/bridges%3Ftransport%3Dobfs4&c=UTF-8&f=regular&d=Firefox%20%E5%B0%9D%E8%AF%95%E4%B8%8E%E6%82%A8%E6%8C%87%E5%AE%9A%E7%9A%84%E4%BB%A3%E7%90%86%E6%9C%8D%E5%8A%A1%E5%99%A8%E8%BF%9E%E6%8E%A5%E6%97%B6%E8%A2%AB%E6%8B%92%E7%BB%9D%E3%80%82"
1501231445777	Marionette	DEBUG	Received DOM event "DOMContentLoaded" for "about:neterror?e=proxyConnectFailure&u=https%3A//bridges.torproject.org/bridges%3Ftransport%3Dobfs4&c=UTF-8&f=regular&d=Firefox%20%E5%B0%9D%E8%AF%95%E4%B8%8E%E6%82%A8%E6%8C%87%E5%AE%9A%E7%9A%84%E4%BB%A3%E7%90%86%E6%9C%8D%E5%8A%A1%E5%99%A8%E8%BF%9E%E6%8E%A5%E6%97%B6%E8%A2%AB%E6%8B%92%E7%BB%9D%E3%80%82"
1501231445786	Marionette	DEBUG	Received DOM event "beforeunload" for "about:neterror?e=proxyConnectFailure&u=https%3A//bridges.torproject.org/bridges%3Ftransport%3Dobfs4&c=UTF-8&f=regular&d=Firefox%20%E5%B0%9D%E8%AF%95%E4%B8%8E%E6%82%A8%E6%8C%87%E5%AE%9A%E7%9A%84%E4%BB%A3%E7%90%86%E6%9C%8D%E5%8A%A1%E5%99%A8%E8%BF%9E%E6%8E%A5%E6%97%B6%E8%A2%AB%E6%8B%92%E7%BB%9D%E3%80%82"
1501231446792	Marionette	DEBUG	Received DOM event "beforeunload" for "about:neterror?e=proxyConnectFailure&u=https%3A//bridges.torproject.org/bridges%3Ftransport%3Dobfs4&c=UTF-8&f=regular&d=Firefox%20%E5%B0%9D%E8%AF%95%E4%B8%8E%E6%82%A8%E6%8C%87%E5%AE%9A%E7%9A%84%E4%BB%A3%E7%90%86%E6%9C%8D%E5%8A%A1%E5%99%A8%E8%BF%9E%E6%8E%A5%E6%97%B6%E8%A2%AB%E6%8B%92%E7%BB%9D%E3%80%82"
1501231446793	Marionette	DEBUG	Received DOM event "pagehide" for "about:neterror?e=proxyConnectFailure&u=https%3A//bridges.torproject.org/bridges%3Ftransport%3Dobfs4&c=UTF-8&f=regular&d=Firefox%20%E5%B0%9D%E8%AF%95%E4%B8%8E%E6%82%A8%E6%8C%87%E5%AE%9A%E7%9A%84%E4%BB%A3%E7%90%86%E6%9C%8D%E5%8A%A1%E5%99%A8%E8%BF%9E%E6%8E%A5%E6%97%B6%E8%A2%AB%E6%8B%92%E7%BB%9D%E3%80%82"
1501231446793	Marionette	DEBUG	Received DOM event "unload" for "about:neterror?e=proxyConnectFailure&u=https%3A//bridges.torproject.org/bridges%3Ftransport%3Dobfs4&c=UTF-8&f=regular&d=Firefox%20%E5%B0%9D%E8%AF%95%E4%B8%8E%E6%82%A8%E6%8C%87%E5%AE%9A%E7%9A%84%E4%BB%A3%E7%90%86%E6%9C%8D%E5%8A%A1%E5%99%A8%E8%BF%9E%E6%8E%A5%E6%97%B6%E8%A2%AB%E6%8B%92%E7%BB%9D%E3%80%82"
1501231446809	Marionette	DEBUG	Received DOM event "DOMContentLoaded" for "about:neterror?e=proxyConnectFailure&u=https%3A//bridges.torproject.org/bridges%3Ftransport%3Dobfs4&c=UTF-8&f=regular&d=Firefox%20%E5%B0%9D%E8%AF%95%E4%B8%8E%E6%82%A8%E6%8C%87%E5%AE%9A%E7%9A%84%E4%BB%A3%E7%90%86%E6%9C%8D%E5%8A%A1%E5%99%A8%E8%BF%9E%E6%8E%A5%E6%97%B6%E8%A2%AB%E6%8B%92%E7%BB%9D%E3%80%82"
1501231446819	Marionette	DEBUG	Received DOM event "beforeunload" for "about:neterror?e=proxyConnectFailure&u=https%3A//bridges.torproject.org/bridges%3Ftransport%3Dobfs4&c=UTF-8&f=regular&d=Firefox%20%E5%B0%9D%E8%AF%95%E4%B8%8E%E6%82%A8%E6%8C%87%E5%AE%9A%E7%9A%84%E4%BB%A3%E7%90%86%E6%9C%8D%E5%8A%A1%E5%99%A8%E8%BF%9E%E6%8E%A5%E6%97%B6%E8%A2%AB%E6%8B%92%E7%BB%9D%E3%80%82"
1501231447824	Marionette	DEBUG	Received DOM event "beforeunload" for "about:neterror?e=proxyConnectFailure&u=https%3A//bridges.torproject.org/bridges%3Ftransport%3Dobfs4&c=UTF-8&f=regular&d=Firefox%20%E5%B0%9D%E8%AF%95%E4%B8%8E%E6%82%A8%E6%8C%87%E5%AE%9A%E7%9A%84%E4%BB%A3%E7%90%86%E6%9C%8D%E5%8A%A1%E5%99%A8%E8%BF%9E%E6%8E%A5%E6%97%B6%E8%A2%AB%E6%8B%92%E7%BB%9D%E3%80%82"
1501231447825	Marionette	DEBUG	Received DOM event "pagehide" for "about:neterror?e=proxyConnectFailure&u=https%3A//bridges.torproject.org/bridges%3Ftransport%3Dobfs4&c=UTF-8&f=regular&d=Firefox%20%E5%B0%9D%E8%AF%95%E4%B8%8E%E6%82%A8%E6%8C%87%E5%AE%9A%E7%9A%84%E4%BB%A3%E7%90%86%E6%9C%8D%E5%8A%A1%E5%99%A8%E8%BF%9E%E6%8E%A5%E6%97%B6%E8%A2%AB%E6%8B%92%E7%BB%9D%E3%80%82"
1501231447825	Marionette	DEBUG	Received DOM event "unload" for "about:neterror?e=proxyConnectFailure&u=https%3A//bridges.torproject.org/bridges%3Ftransport%3Dobfs4&c=UTF-8&f=regular&d=Firefox%20%E5%B0%9D%E8%AF%95%E4%B8%8E%E6%82%A8%E6%8C%87%E5%AE%9A%E7%9A%84%E4%BB%A3%E7%90%86%E6%9C%8D%E5%8A%A1%E5%99%A8%E8%BF%9E%E6%8E%A5%E6%97%B6%E8%A2%AB%E6%8B%92%E7%BB%9D%E3%80%82"
1501231447840	Marionette	DEBUG	Received DOM event "DOMContentLoaded" for "about:neterror?e=proxyConnectFailure&u=https%3A//bridges.torproject.org/bridges%3Ftransport%3Dobfs4&c=UTF-8&f=regular&d=Firefox%20%E5%B0%9D%E8%AF%95%E4%B8%8E%E6%82%A8%E6%8C%87%E5%AE%9A%E7%9A%84%E4%BB%A3%E7%90%86%E6%9C%8D%E5%8A%A1%E5%99%A8%E8%BF%9E%E6%8E%A5%E6%97%B6%E8%A2%AB%E6%8B%92%E7%BB%9D%E3%80%82"
1501231447857	Marionette	DEBUG	Received DOM event "beforeunload" for "about:neterror?e=proxyConnectFailure&u=https%3A//bridges.torproject.org/bridges%3Ftransport%3Dobfs4&c=UTF-8&f=regular&d=Firefox%20%E5%B0%9D%E8%AF%95%E4%B8%8E%E6%82%A8%E6%8C%87%E5%AE%9A%E7%9A%84%E4%BB%A3%E7%90%86%E6%9C%8D%E5%8A%A1%E5%99%A8%E8%BF%9E%E6%8E%A5%E6%97%B6%E8%A2%AB%E6%8B%92%E7%BB%9D%E3%80%82"
1501231448864	Marionette	DEBUG	Received DOM event "beforeunload" for "about:neterror?e=proxyConnectFailure&u=https%3A//bridges.torproject.org/bridges%3Ftransport%3Dobfs4&c=UTF-8&f=regular&d=Firefox%20%E5%B0%9D%E8%AF%95%E4%B8%8E%E6%82%A8%E6%8C%87%E5%AE%9A%E7%9A%84%E4%BB%A3%E7%90%86%E6%9C%8D%E5%8A%A1%E5%99%A8%E8%BF%9E%E6%8E%A5%E6%97%B6%E8%A2%AB%E6%8B%92%E7%BB%9D%E3%80%82"
1501231448865	Marionette	DEBUG	Received DOM event "pagehide" for "about:neterror?e=proxyConnectFailure&u=https%3A//bridges.torproject.org/bridges%3Ftransport%3Dobfs4&c=UTF-8&f=regular&d=Firefox%20%E5%B0%9D%E8%AF%95%E4%B8%8E%E6%82%A8%E6%8C%87%E5%AE%9A%E7%9A%84%E4%BB%A3%E7%90%86%E6%9C%8D%E5%8A%A1%E5%99%A8%E8%BF%9E%E6%8E%A5%E6%97%B6%E8%A2%AB%E6%8B%92%E7%BB%9D%E3%80%82"
1501231448866	Marionette	DEBUG	Received DOM event "unload" for "about:neterror?e=proxyConnectFailure&u=https%3A//bridges.torproject.org/bridges%3Ftransport%3Dobfs4&c=UTF-8&f=regular&d=Firefox%20%E5%B0%9D%E8%AF%95%E4%B8%8E%E6%82%A8%E6%8C%87%E5%AE%9A%E7%9A%84%E4%BB%A3%E7%90%86%E6%9C%8D%E5%8A%A1%E5%99%A8%E8%BF%9E%E6%8E%A5%E6%97%B6%E8%A2%AB%E6%8B%92%E7%BB%9D%E3%80%82"
1501231448884	Marionette	DEBUG	Received DOM event "DOMContentLoaded" for "about:neterror?e=proxyConnectFailure&u=https%3A//bridges.torproject.org/bridges%3Ftransport%3Dobfs4&c=UTF-8&f=regular&d=Firefox%20%E5%B0%9D%E8%AF%95%E4%B8%8E%E6%82%A8%E6%8C%87%E5%AE%9A%E7%9A%84%E4%BB%A3%E7%90%86%E6%9C%8D%E5%8A%A1%E5%99%A8%E8%BF%9E%E6%8E%A5%E6%97%B6%E8%A2%AB%E6%8B%92%E7%BB%9D%E3%80%82"
1501231448893	Marionette	DEBUG	Received DOM event "beforeunload" for "about:neterror?e=proxyConnectFailure&u=https%3A//bridges.torproject.org/bridges%3Ftransport%3Dobfs4&c=UTF-8&f=regular&d=Firefox%20%E5%B0%9D%E8%AF%95%E4%B8%8E%E6%82%A8%E6%8C%87%E5%AE%9A%E7%9A%84%E4%BB%A3%E7%90%86%E6%9C%8D%E5%8A%A1%E5%99%A8%E8%BF%9E%E6%8E%A5%E6%97%B6%E8%A2%AB%E6%8B%92%E7%BB%9D%E3%80%82"
1501231496400	Marionette	DEBUG	Received DOM event "pagehide" for "about:neterror?e=proxyConnectFailure&u=https%3A//bridges.torproject.org/bridges%3Ftransport%3Dobfs4&c=UTF-8&f=regular&d=Firefox%20%E5%B0%9D%E8%AF%95%E4%B8%8E%E6%82%A8%E6%8C%87%E5%AE%9A%E7%9A%84%E4%BB%A3%E7%90%86%E6%9C%8D%E5%8A%A1%E5%99%A8%E8%BF%9E%E6%8E%A5%E6%97%B6%E8%A2%AB%E6%8B%92%E7%BB%9D%E3%80%82"
1501231496400	Marionette	DEBUG	Received DOM event "unload" for "about:neterror?e=proxyConnectFailure&u=https%3A//bridges.torproject.org/bridges%3Ftransport%3Dobfs4&c=UTF-8&f=regular&d=Firefox%20%E5%B0%9D%E8%AF%95%E4%B8%8E%E6%82%A8%E6%8C%87%E5%AE%9A%E7%9A%84%E4%BB%A3%E7%90%86%E6%9C%8D%E5%8A%A1%E5%99%A8%E8%BF%9E%E6%8E%A5%E6%97%B6%E8%A2%AB%E6%8B%92%E7%BB%9D%E3%80%82"
1501231527072	addons.manager	INFO	Skipping background update check
1501231643344	Marionette	DEBUG	Received DOM event "DOMContentLoaded" for "https://bridges.torproject.org/bridges?transport=obfs4"
1501231650711	Marionette	DEBUG	Received DOM event "pageshow" for "https://bridges.torproject.org/bridges?transport=obfs4"
1501231674716	Marionette	DEBUG	Received DOM event "beforeunload" for "https://bridges.torproject.org/bridges?transport=obfs4"
1501231688871	Marionette	DEBUG	Received DOM event "pagehide" for "https://bridges.torproject.org/bridges?transport=obfs4"
1501231688871	Marionette	DEBUG	Received DOM event "unload" for "https://bridges.torproject.org/bridges?transport=obfs4"
1501231689992	Marionette	DEBUG	Received DOM event "DOMContentLoaded" for "https://bridges.torproject.org/bridges?transport=obfs4"
1501231689995	Marionette	DEBUG	Received DOM event "pageshow" for "https://bridges.torproject.org/bridges?transport=obfs4"
1501231767083	DeferredSave.extensions.json	DEBUG	Save changes
1501231767083	DeferredSave.extensions.json	DEBUG	Starting timer
1501231767105	DeferredSave.extensions.json	DEBUG	Starting write
1501231767110	DeferredSave.extensions.json	DEBUG	Write succeeded
1501234323043	addons.xpi	DEBUG	Calling bootstrap method shutdown on webcompat@mozilla.org version 1.1
1501234323043	addons.xpi	DEBUG	Calling bootstrap method shutdown on screenshots@mozilla.org version 6.6.0
1501234323044	addons.xpi	DEBUG	Calling bootstrap method shutdown on firefox@getpocket.com version 1.0.5
1501234323045	addons.xpi	DEBUG	Calling bootstrap method shutdown on e10srollout@mozilla.org version 1.50
1501234323045	addons.xpi	DEBUG	Calling bootstrap method shutdown on aushelper@mozilla.org version 2.0
[GPU 56816] WARNING: pipe error: 109: file c:/builds/moz2_slave/m-rel-w64-00000000000000000000/build/src/ipc/chromium/src/chrome/common/ipc_channel_win.cc, line 346
[Child 55720] WARNING: pipe error: 109: file c:/builds/moz2_slave/m-rel-w64-00000000000000000000/build/src/ipc/chromium/src/chrome/common/ipc_channel_win.cc, line 346
[Child 55720] WARNING: pipe error: 109: file c:/builds/moz2_slave/m-rel-w64-00000000000000000000/build/src/ipc/chromium/src/chrome/common/ipc_channel_win.cc, line 346
1501234323272	addons.manager	DEBUG	shutdown
1501234323273	addons.manager	DEBUG	Calling shutdown blocker for XPIProvider
1501234323274	addons.xpi	DEBUG	shutdown
1501234323274	addons.xpi-utils	DEBUG	shutdown
1501234323274	addons.manager	DEBUG	Calling shutdown blocker for LightweightThemeManager
1501234323275	addons.manager	DEBUG	Calling shutdown blocker for GMPProvider
1501234323278	addons.manager	DEBUG	Calling shutdown blocker for PluginProvider
1501234323279	addons.manager	DEBUG	Calling shutdown blocker for <unnamed-provider>
1501234323282	addons.manager	DEBUG	Calling shutdown blocker for PreviousExperimentProvider
1501234323288	addons.xpi	DEBUG	Notifying XPI shutdown observers
1501234323295	addons.manager	DEBUG	Async provider shutdown done
1501234323395	Marionette	INFO	Ceased listening

###!!! [Child][MessageChannel::SendAndWait] Error: Channel error: cannot send/recv

